2015-11-10 15:26:56 10fc InnoDB: Warning: Using innodb_additional_mem_pool_size is DEPRECATED. This option may be removed in future releases, together with the option innodb_use_sys_malloc and with the InnoDB's internal memory allocator.
2015-11-10 15:26:56 4348 [Note] InnoDB: Using mutexes to ref count buffer pool pages
2015-11-10 15:26:56 4348 [Note] InnoDB: The InnoDB memory heap is disabled
2015-11-10 15:26:56 4348 [Note] InnoDB: Mutexes and rw_locks use Windows interlocked functions
2015-11-10 15:26:56 4348 [Note] InnoDB: Memory barrier is not used
2015-11-10 15:26:56 4348 [Note] InnoDB: Compressed tables use zlib 1.2.3
2015-11-10 15:26:56 4348 [Note] InnoDB: Not using CPU crc32 instructions
2015-11-10 15:26:56 4348 [Note] InnoDB: Initializing buffer pool, size = 16.0M
2015-11-10 15:26:56 4348 [Note] InnoDB: Completed initialization of buffer pool
2015-11-10 15:26:56 4348 [Note] InnoDB: Highest supported file format is Barracuda.
2015-11-10 15:26:57 4348 [Note] InnoDB: 128 rollback segment(s) are active.
2015-11-10 15:26:57 4348 [Note] InnoDB: Waiting for purge to start
2015-11-10 15:26:57 4348 [Note] InnoDB:  Percona XtraDB (http://www.percona.com) 5.6.26-74.0 started; log sequence number 1835027
2015-11-10 15:26:57 6140 [Note] InnoDB: Dumping buffer pool(s) not yet started
2015-11-10 15:26:57 4348 [Note] Plugin 'FEEDBACK' is disabled.
2015-11-10 15:26:57 4348 [Note] Server socket created on IP: '::'.
2015-11-10 15:26:57 4348 [Note] Event Scheduler: Loaded 0 events
2015-11-10 15:26:57 4348 [Note] C:\xampp\mysql\bin\mysqld.exe: ready for connections.
Version: '10.1.8-MariaDB'  socket: ''  port: 3306  mariadb.org binary distribution
2015-11-10 15:27:11 5152 [Note] C:\xampp\mysql\bin\mysqld.exe: Normal shutdown

2015-11-10 15:27:11 5152 [Note] Event Scheduler: Purging the queue. 0 events
2015-11-10 15:27:11 5732 [Note] InnoDB: FTS optimize thread exiting.
2015-11-10 15:27:11 5152 [Note] InnoDB: Starting shutdown...
2015-11-10 15:27:13 5152 [Note] InnoDB: Shutdown completed; log sequence number 1835037
2015-11-10 15:27:13 5152 [Note] C:\xampp\mysql\bin\mysqld.exe: Shutdown complete

2018-10-08 04:39:42 1d28 InnoDB: Warning: Using innodb_additional_mem_pool_size is DEPRECATED. This option may be removed in future releases, together with the option innodb_use_sys_malloc and with the InnoDB's internal memory allocator.
2018-10-08  4:39:42 7464 [Note] InnoDB: innodb_empty_free_list_algorithm has been changed to legacy because of small buffer pool size. In order to use backoff, increase buffer pool at least up to 20MB.

2018-10-08  4:39:42 7464 [Note] InnoDB: Using mutexes to ref count buffer pool pages
2018-10-08  4:39:42 7464 [Note] InnoDB: The InnoDB memory heap is disabled
2018-10-08  4:39:42 7464 [Note] InnoDB: Mutexes and rw_locks use Windows interlocked functions
2018-10-08  4:39:42 7464 [Note] InnoDB: _mm_lfence() and _mm_sfence() are used for memory barrier
2018-10-08  4:39:42 7464 [Note] InnoDB: Compressed tables use zlib 1.2.3
2018-10-08  4:39:42 7464 [Note] InnoDB: Using generic crc32 instructions
2018-10-08  4:39:42 7464 [Note] InnoDB: Initializing buffer pool, size = 16.0M
2018-10-08  4:39:42 7464 [Note] InnoDB: Completed initialization of buffer pool
2018-10-08  4:39:42 7464 [Note] InnoDB: Highest supported file format is Barracuda.
2018-10-08  4:39:44 7464 [Note] InnoDB: 128 rollback segment(s) are active.
2018-10-08  4:39:44 7464 [Note] InnoDB: Waiting for purge to start
2018-10-08  4:39:44 7464 [Note] InnoDB:  Percona XtraDB (http://www.percona.com) 5.6.39-83.1 started; log sequence number 1835037
2018-10-08  4:39:44 4412 [Note] InnoDB: Dumping buffer pool(s) not yet started
2018-10-08  4:39:44 7464 [Note] Plugin 'FEEDBACK' is disabled.
2018-10-08  4:39:44 7464 [Note] Server socket created on IP: '::'.
2018-10-08  4:39:47 7464 [Note] c:\xampp\mysql\bin\mysqld.exe: ready for connections.
Version: '10.1.36-MariaDB'  socket: ''  port: 3306  mariadb.org binary distribution
2018-12-02 18:07:04 39a4 InnoDB: Warning: Using innodb_additional_mem_pool_size is DEPRECATED. This option may be removed in future releases, together with the option innodb_use_sys_malloc and with the InnoDB's internal memory allocator.
2018-12-02 18:07:04 14756 [Note] InnoDB: innodb_empty_free_list_algorithm has been changed to legacy because of small buffer pool size. In order to use backoff, increase buffer pool at least up to 20MB.

2018-12-02 18:07:04 14756 [Note] InnoDB: Using mutexes to ref count buffer pool pages
2018-12-02 18:07:04 14756 [Note] InnoDB: The InnoDB memory heap is disabled
2018-12-02 18:07:04 14756 [Note] InnoDB: Mutexes and rw_locks use Windows interlocked functions
2018-12-02 18:07:04 14756 [Note] InnoDB: _mm_lfence() and _mm_sfence() are used for memory barrier
2018-12-02 18:07:04 14756 [Note] InnoDB: Compressed tables use zlib 1.2.3
2018-12-02 18:07:04 14756 [Note] InnoDB: Using generic crc32 instructions
2018-12-02 18:07:04 14756 [Note] InnoDB: Initializing buffer pool, size = 16.0M
2018-12-02 18:07:04 14756 [Note] InnoDB: Completed initialization of buffer pool
2018-12-02 18:07:04 14756 [Note] InnoDB: Highest supported file format is Barracuda.
2018-12-02 18:07:04 14756 [Note] InnoDB: The log sequence number 1835037 in ibdata file do not match the log sequence number 1846762 in the ib_logfiles!
2018-12-02 18:07:05 14756 [Note] InnoDB: Restoring possible half-written data pages from the doublewrite buffer...
2018-12-02 18:07:07 14756 [Note] InnoDB: 128 rollback segment(s) are active.
2018-12-02 18:07:07 14756 [Note] InnoDB: Waiting for purge to start
2018-12-02 18:07:07 14756 [Note] InnoDB:  Percona XtraDB (http://www.percona.com) 5.6.39-83.1 started; log sequence number 1846762
2018-12-02 18:07:07 13608 [Note] InnoDB: Dumping buffer pool(s) not yet started
2018-12-02 18:07:07 14756 [Note] Plugin 'FEEDBACK' is disabled.
2018-12-02 18:07:07 14756 [Note] Server socket created on IP: '::'.
2018-12-02 18:07:09 14756 [Note] c:\xampp\mysql\bin\mysqld.exe: ready for connections.
Version: '10.1.36-MariaDB'  socket: ''  port: 3306  mariadb.org binary distribution
2018-12-04 16:14:11 161c InnoDB: Warning: Using innodb_additional_mem_pool_size is DEPRECATED. This option may be removed in future releases, together with the option innodb_use_sys_malloc and with the InnoDB's internal memory allocator.
2018-12-04 16:14:11 5660 [Note] InnoDB: innodb_empty_free_list_algorithm has been changed to legacy because of small buffer pool size. In order to use backoff, increase buffer pool at least up to 20MB.

2018-12-04 16:14:11 5660 [Note] InnoDB: Using mutexes to ref count buffer pool pages
2018-12-04 16:14:11 5660 [Note] InnoDB: The InnoDB memory heap is disabled
2018-12-04 16:14:11 5660 [Note] InnoDB: Mutexes and rw_locks use Windows interlocked functions
2018-12-04 16:14:11 5660 [Note] InnoDB: _mm_lfence() and _mm_sfence() are used for memory barrier
2018-12-04 16:14:11 5660 [Note] InnoDB: Compressed tables use zlib 1.2.3
2018-12-04 16:14:11 5660 [Note] InnoDB: Using generic crc32 instructions
2018-12-04 16:14:11 5660 [Note] InnoDB: Initializing buffer pool, size = 16.0M
2018-12-04 16:14:11 5660 [Note] InnoDB: Completed initialization of buffer pool
2018-12-04 16:14:11 5660 [Note] InnoDB: Highest supported file format is Barracuda.
2018-12-04 16:14:11 5660 [Note] InnoDB: The log sequence number 1835037 in ibdata file do not match the log sequence number 1846772 in the ib_logfiles!
2018-12-04 16:14:12 5660 [Note] InnoDB: Restoring possible half-written data pages from the doublewrite buffer...
2018-12-04 16:14:13 5660 [Note] InnoDB: 128 rollback segment(s) are active.
2018-12-04 16:14:13 5660 [Note] InnoDB: Waiting for purge to start
2018-12-04 16:14:13 5660 [Note] InnoDB:  Percona XtraDB (http://www.percona.com) 5.6.39-83.1 started; log sequence number 1846772
2018-12-04 16:14:13 12900 [Note] InnoDB: Dumping buffer pool(s) not yet started
2018-12-04 16:14:13 5660 [Note] Plugin 'FEEDBACK' is disabled.
2018-12-04 16:14:13 5660 [Note] Server socket created on IP: '::'.
2018-12-04 16:14:14 5660 [Note] c:\xampp\mysql\bin\mysqld.exe: ready for connections.
Version: '10.1.36-MariaDB'  socket: ''  port: 3306  mariadb.org binary distribution
2019-01-11 13:42:34 2450 InnoDB: Warning: Using innodb_additional_mem_pool_size is DEPRECATED. This option may be removed in future releases, together with the option innodb_use_sys_malloc and with the InnoDB's internal memory allocator.
2019-01-11 13:42:34 9296 [Note] InnoDB: innodb_empty_free_list_algorithm has been changed to legacy because of small buffer pool size. In order to use backoff, increase buffer pool at least up to 20MB.

2019-01-11 13:42:34 9296 [Note] InnoDB: Using mutexes to ref count buffer pool pages
2019-01-11 13:42:34 9296 [Note] InnoDB: The InnoDB memory heap is disabled
2019-01-11 13:42:34 9296 [Note] InnoDB: Mutexes and rw_locks use Windows interlocked functions
2019-01-11 13:42:34 9296 [Note] InnoDB: _mm_lfence() and _mm_sfence() are used for memory barrier
2019-01-11 13:42:34 9296 [Note] InnoDB: Compressed tables use zlib 1.2.3
2019-01-11 13:42:34 9296 [Note] InnoDB: Using generic crc32 instructions
2019-01-11 13:42:34 9296 [Note] InnoDB: Initializing buffer pool, size = 16.0M
2019-01-11 13:42:34 9296 [Note] InnoDB: Completed initialization of buffer pool
2019-01-11 13:42:35 9296 [Note] InnoDB: Highest supported file format is Barracuda.
2019-01-11 13:42:35 9296 [Note] InnoDB: The log sequence number 1835037 in ibdata file do not match the log sequence number 1874525 in the ib_logfiles!
2019-01-11 13:42:35 9296 [Note] InnoDB: Restoring possible half-written data pages from the doublewrite buffer...
2019-01-11 13:42:36 9296 [Note] InnoDB: 128 rollback segment(s) are active.
2019-01-11 13:42:36 9296 [Note] InnoDB: Waiting for purge to start
2019-01-11 13:42:36 9296 [Note] InnoDB:  Percona XtraDB (http://www.percona.com) 5.6.39-83.1 started; log sequence number 1874525
2019-01-11 13:42:37 3768 [Note] InnoDB: Dumping buffer pool(s) not yet started
2019-01-11 13:42:37 9296 [Note] Plugin 'FEEDBACK' is disabled.
2019-01-11 13:42:37 9296 [Note] Server socket created on IP: '::'.
2019-01-11 13:42:37 9296 [ERROR] mysqld.exe: Table '.\mysql\user' is marked as crashed and should be repaired
2019-01-11 13:42:37 9296 [Warning] Checking table:   '.\mysql\user'
2019-01-11 13:42:37 9296 [ERROR] mysql.user: 1 client is using or hasn't closed the table properly
2019-01-11 13:42:37 9296 [ERROR] mysqld.exe: Table '.\mysql\db' is marked as crashed and should be repaired
2019-01-11 13:42:37 9296 [Warning] Checking table:   '.\mysql\db'
2019-01-11 13:42:37 9296 [ERROR] mysql.db: 1 client is using or hasn't closed the table properly
2019-01-11 13:42:38 9296 [Note] c:\xampp\mysql\bin\mysqld.exe: ready for connections.
Version: '10.1.36-MariaDB'  socket: ''  port: 3306  mariadb.org binary distribution
2019-01-16 18:58:49 a58 InnoDB: Warning: Using innodb_additional_mem_pool_size is DEPRECATED. This option may be removed in future releases, together with the option innodb_use_sys_malloc and with the InnoDB's internal memory allocator.
2019-01-16 18:58:49 2648 [Note] InnoDB: innodb_empty_free_list_algorithm has been changed to legacy because of small buffer pool size. In order to use backoff, increase buffer pool at least up to 20MB.

2019-01-16 18:58:49 2648 [Note] InnoDB: Using mutexes to ref count buffer pool pages
2019-01-16 18:58:49 2648 [Note] InnoDB: The InnoDB memory heap is disabled
2019-01-16 18:58:49 2648 [Note] InnoDB: Mutexes and rw_locks use Windows interlocked functions
2019-01-16 18:58:49 2648 [Note] InnoDB: _mm_lfence() and _mm_sfence() are used for memory barrier
2019-01-16 18:58:49 2648 [Note] InnoDB: Compressed tables use zlib 1.2.3
2019-01-16 18:58:49 2648 [Note] InnoDB: Using generic crc32 instructions
2019-01-16 18:58:49 2648 [Note] InnoDB: Initializing buffer pool, size = 16.0M
2019-01-16 18:58:49 2648 [Note] InnoDB: Completed initialization of buffer pool
2019-01-16 18:58:49 2648 [Note] InnoDB: Highest supported file format is Barracuda.
2019-01-16 18:58:49 2648 [Note] InnoDB: The log sequence number 1835037 in ibdata file do not match the log sequence number 2007997 in the ib_logfiles!
2019-01-16 18:58:50 2648 [Note] InnoDB: Restoring possible half-written data pages from the doublewrite buffer...
2019-01-16 18:58:52 2648 [Note] InnoDB: 128 rollback segment(s) are active.
2019-01-16 18:58:52 2648 [Note] InnoDB: Waiting for purge to start
2019-01-16 18:58:52 2648 [Note] InnoDB:  Percona XtraDB (http://www.percona.com) 5.6.39-83.1 started; log sequence number 2007997
2019-01-16 18:58:52 9464 [Note] InnoDB: Dumping buffer pool(s) not yet started
2019-01-16 18:58:52 2648 [Note] Plugin 'FEEDBACK' is disabled.
2019-01-16 18:58:53 2648 [Note] Server socket created on IP: '::'.
2019-01-16 18:58:54 2648 [Note] c:\xampp\mysql\bin\mysqld.exe: ready for connections.
Version: '10.1.36-MariaDB'  socket: ''  port: 3306  mariadb.org binary distribution
2019-01-18 16:34:51 4268 [ERROR] Incorrect definition of table mysql.column_stats: expected column 'min_value' at position 3 to have type varbinary(255), found type varchar(255).
2019-01-18 16:34:52 4268 [ERROR] Incorrect definition of table mysql.column_stats: expected column 'max_value' at position 4 to have type varbinary(255), found type varchar(255).
2019-01-19 15:44:16 1f6c InnoDB: Warning: Using innodb_additional_mem_pool_size is DEPRECATED. This option may be removed in future releases, together with the option innodb_use_sys_malloc and with the InnoDB's internal memory allocator.
2019-01-19 15:44:16 8044 [Note] InnoDB: innodb_empty_free_list_algorithm has been changed to legacy because of small buffer pool size. In order to use backoff, increase buffer pool at least up to 20MB.

2019-01-19 15:44:16 8044 [Note] InnoDB: Using mutexes to ref count buffer pool pages
2019-01-19 15:44:16 8044 [Note] InnoDB: The InnoDB memory heap is disabled
2019-01-19 15:44:16 8044 [Note] InnoDB: Mutexes and rw_locks use Windows interlocked functions
2019-01-19 15:44:16 8044 [Note] InnoDB: _mm_lfence() and _mm_sfence() are used for memory barrier
2019-01-19 15:44:16 8044 [Note] InnoDB: Compressed tables use zlib 1.2.3
2019-01-19 15:44:16 8044 [Note] InnoDB: Using generic crc32 instructions
2019-01-19 15:44:16 8044 [Note] InnoDB: Initializing buffer pool, size = 16.0M
2019-01-19 15:44:16 8044 [Note] InnoDB: Completed initialization of buffer pool
2019-01-19 15:44:16 8044 [Note] InnoDB: Highest supported file format is Barracuda.
2019-01-19 15:44:16 8044 [Note] InnoDB: The log sequence number 1835037 in ibdata file do not match the log sequence number 2099740 in the ib_logfiles!
2019-01-19 15:44:17 8044 [Note] InnoDB: Restoring possible half-written data pages from the doublewrite buffer...
2019-01-19 15:44:19 8044 [Note] InnoDB: 128 rollback segment(s) are active.
2019-01-19 15:44:19 8044 [Note] InnoDB: Waiting for purge to start
2019-01-19 15:44:19 8044 [Note] InnoDB:  Percona XtraDB (http://www.percona.com) 5.6.39-83.1 started; log sequence number 2099740
2019-01-19 15:44:19 14156 [Note] InnoDB: Dumping buffer pool(s) not yet started
2019-01-19 15:44:19 8044 [Note] Plugin 'FEEDBACK' is disabled.
2019-01-19 15:44:19 8044 [Note] Server socket created on IP: '::'.
2019-01-19 15:44:20 8044 [Note] c:\xampp\mysql\bin\mysqld.exe: ready for connections.
Version: '10.1.36-MariaDB'  socket: ''  port: 3306  mariadb.org binary distribution
2019-01-20 16:06:32 2a14 InnoDB: Warning: Using innodb_additional_mem_pool_size is DEPRECATED. This option may be removed in future releases, together with the option innodb_use_sys_malloc and with the InnoDB's internal memory allocator.
2019-01-20 16:06:32 10772 [Note] InnoDB: innodb_empty_free_list_algorithm has been changed to legacy because of small buffer pool size. In order to use backoff, increase buffer pool at least up to 20MB.

2019-01-20 16:06:32 10772 [Note] InnoDB: Using mutexes to ref count buffer pool pages
2019-01-20 16:06:32 10772 [Note] InnoDB: The InnoDB memory heap is disabled
2019-01-20 16:06:32 10772 [Note] InnoDB: Mutexes and rw_locks use Windows interlocked functions
2019-01-20 16:06:32 10772 [Note] InnoDB: _mm_lfence() and _mm_sfence() are used for memory barrier
2019-01-20 16:06:32 10772 [Note] InnoDB: Compressed tables use zlib 1.2.3
2019-01-20 16:06:32 10772 [Note] InnoDB: Using generic crc32 instructions
2019-01-20 16:06:32 10772 [Note] InnoDB: Initializing buffer pool, size = 16.0M
2019-01-20 16:06:32 10772 [Note] InnoDB: Completed initialization of buffer pool
2019-01-20 16:06:33 10772 [Note] InnoDB: Highest supported file format is Barracuda.
2019-01-20 16:06:33 10772 [Note] InnoDB: The log sequence number 1835037 in ibdata file do not match the log sequence number 2117619 in the ib_logfiles!
2019-01-20 16:06:34 10772 [Note] InnoDB: Restoring possible half-written data pages from the doublewrite buffer...
2019-01-20 16:06:35 10772 [Note] InnoDB: 128 rollback segment(s) are active.
2019-01-20 16:06:35 10772 [Note] InnoDB: Waiting for purge to start
2019-01-20 16:06:35 10772 [Note] InnoDB:  Percona XtraDB (http://www.percona.com) 5.6.39-83.1 started; log sequence number 2117619
2019-01-20 16:06:36 2228 [Note] InnoDB: Dumping buffer pool(s) not yet started
2019-01-20 16:06:36 10772 [Note] Plugin 'FEEDBACK' is disabled.
2019-01-20 16:06:36 10772 [Note] Server socket created on IP: '::'.
2019-01-20 16:06:37 10772 [Note] c:\xampp\mysql\bin\mysqld.exe: ready for connections.
Version: '10.1.36-MariaDB'  socket: ''  port: 3306  mariadb.org binary distribution
2019-01-20 20:20:20 19d4 InnoDB: Warning: Using innodb_additional_mem_pool_size is DEPRECATED. This option may be removed in future releases, together with the option innodb_use_sys_malloc and with the InnoDB's internal memory allocator.
2019-01-20 20:20:20 6612 [Note] InnoDB: innodb_empty_free_list_algorithm has been changed to legacy because of small buffer pool size. In order to use backoff, increase buffer pool at least up to 20MB.

2019-01-20 20:20:20 6612 [Note] InnoDB: Using mutexes to ref count buffer pool pages
2019-01-20 20:20:20 6612 [Note] InnoDB: The InnoDB memory heap is disabled
2019-01-20 20:20:20 6612 [Note] InnoDB: Mutexes and rw_locks use Windows interlocked functions
2019-01-20 20:20:20 6612 [Note] InnoDB: _mm_lfence() and _mm_sfence() are used for memory barrier
2019-01-20 20:20:20 6612 [Note] InnoDB: Compressed tables use zlib 1.2.3
2019-01-20 20:20:20 6612 [Note] InnoDB: Using generic crc32 instructions
2019-01-20 20:20:20 6612 [Note] InnoDB: Initializing buffer pool, size = 16.0M
2019-01-20 20:20:20 6612 [Note] InnoDB: Completed initialization of buffer pool
2019-01-20 20:20:20 6612 [Note] InnoDB: Highest supported file format is Barracuda.
2019-01-20 20:20:20 6612 [Note] InnoDB: The log sequence number 1835037 in ibdata file do not match the log sequence number 2132136 in the ib_logfiles!
2019-01-20 20:20:22 6612 [Note] InnoDB: Restoring possible half-written data pages from the doublewrite buffer...
2019-01-20 20:20:23 6612 [Note] InnoDB: 128 rollback segment(s) are active.
2019-01-20 20:20:23 6612 [Note] InnoDB: Waiting for purge to start
2019-01-20 20:20:23 6612 [Note] InnoDB:  Percona XtraDB (http://www.percona.com) 5.6.39-83.1 started; log sequence number 2132136
2019-01-20 20:20:23 11980 [Note] InnoDB: Dumping buffer pool(s) not yet started
2019-01-20 20:20:23 6612 [Note] Plugin 'FEEDBACK' is disabled.
2019-01-20 20:20:23 6612 [Note] Server socket created on IP: '::'.
2019-01-20 20:20:24 6612 [Note] c:\xampp\mysql\bin\mysqld.exe: ready for connections.
Version: '10.1.36-MariaDB'  socket: ''  port: 3306  mariadb.org binary distribution
2019-01-21 12:56:04 3488 InnoDB: Warning: Using innodb_additional_mem_pool_size is DEPRECATED. This option may be removed in future releases, together with the option innodb_use_sys_malloc and with the InnoDB's internal memory allocator.
2019-01-21 12:56:04 13448 [Note] InnoDB: innodb_empty_free_list_algorithm has been changed to legacy because of small buffer pool size. In order to use backoff, increase buffer pool at least up to 20MB.

2019-01-21 12:56:04 13448 [Note] InnoDB: Using mutexes to ref count buffer pool pages
2019-01-21 12:56:04 13448 [Note] InnoDB: The InnoDB memory heap is disabled
2019-01-21 12:56:04 13448 [Note] InnoDB: Mutexes and rw_locks use Windows interlocked functions
2019-01-21 12:56:04 13448 [Note] InnoDB: _mm_lfence() and _mm_sfence() are used for memory barrier
2019-01-21 12:56:04 13448 [Note] InnoDB: Compressed tables use zlib 1.2.3
2019-01-21 12:56:04 13448 [Note] InnoDB: Using generic crc32 instructions
2019-01-21 12:56:04 13448 [Note] InnoDB: Initializing buffer pool, size = 16.0M
2019-01-21 12:56:04 13448 [Note] InnoDB: Completed initialization of buffer pool
2019-01-21 12:56:05 13448 [Note] InnoDB: Highest supported file format is Barracuda.
2019-01-21 12:56:05 13448 [Note] InnoDB: The log sequence number 1835037 in ibdata file do not match the log sequence number 2142577 in the ib_logfiles!
2019-01-21 12:56:06 13448 [Note] InnoDB: Restoring possible half-written data pages from the doublewrite buffer...
2019-01-21 12:56:07 13448 [Note] InnoDB: 128 rollback segment(s) are active.
2019-01-21 12:56:07 13448 [Note] InnoDB: Waiting for purge to start
2019-01-21 12:56:07 13448 [Note] InnoDB:  Percona XtraDB (http://www.percona.com) 5.6.39-83.1 started; log sequence number 2142577
2019-01-21 12:56:07 2280 [Note] InnoDB: Dumping buffer pool(s) not yet started
2019-01-21 12:56:07 13448 [Note] Plugin 'FEEDBACK' is disabled.
2019-01-21 12:56:07 13448 [Note] Server socket created on IP: '::'.
2019-01-21 12:56:08 13448 [Note] c:\xampp\mysql\bin\mysqld.exe: ready for connections.
Version: '10.1.36-MariaDB'  socket: ''  port: 3306  mariadb.org binary distribution
2019-01-25 17:54:08 15a4 InnoDB: Warning: Using innodb_additional_mem_pool_size is DEPRECATED. This option may be removed in future releases, together with the option innodb_use_sys_malloc and with the InnoDB's internal memory allocator.
2019-01-25 17:54:08 5540 [Note] InnoDB: innodb_empty_free_list_algorithm has been changed to legacy because of small buffer pool size. In order to use backoff, increase buffer pool at least up to 20MB.

2019-01-25 17:54:08 5540 [Note] InnoDB: Using mutexes to ref count buffer pool pages
2019-01-25 17:54:08 5540 [Note] InnoDB: The InnoDB memory heap is disabled
2019-01-25 17:54:08 5540 [Note] InnoDB: Mutexes and rw_locks use Windows interlocked functions
2019-01-25 17:54:08 5540 [Note] InnoDB: _mm_lfence() and _mm_sfence() are used for memory barrier
2019-01-25 17:54:08 5540 [Note] InnoDB: Compressed tables use zlib 1.2.3
2019-01-25 17:54:08 5540 [Note] InnoDB: Using generic crc32 instructions
2019-01-25 17:54:09 5540 [Note] InnoDB: Initializing buffer pool, size = 16.0M
2019-01-25 17:54:09 5540 [Note] InnoDB: Completed initialization of buffer pool
2019-01-25 17:54:09 5540 [Note] InnoDB: Highest supported file format is Barracuda.
2019-01-25 17:54:09 5540 [Note] InnoDB: The log sequence number 1835037 in ibdata file do not match the log sequence number 2236188 in the ib_logfiles!
2019-01-25 17:54:12 5540 [Note] InnoDB: Restoring possible half-written data pages from the doublewrite buffer...
2019-01-25 17:54:14 5540 [Note] InnoDB: 128 rollback segment(s) are active.
2019-01-25 17:54:14 5540 [Note] InnoDB: Waiting for purge to start
2019-01-25 17:54:14 5540 [Note] InnoDB:  Percona XtraDB (http://www.percona.com) 5.6.39-83.1 started; log sequence number 2236188
2019-01-25 17:54:15 12548 [Note] InnoDB: Dumping buffer pool(s) not yet started
2019-01-25 17:54:15 5540 [Note] Plugin 'FEEDBACK' is disabled.
2019-01-25 17:54:15 5540 [Note] Server socket created on IP: '::'.
2019-01-25 17:54:19 5540 [Note] c:\xampp\mysql\bin\mysqld.exe: ready for connections.
Version: '10.1.36-MariaDB'  socket: ''  port: 3306  mariadb.org binary distribution
